fat.c(32): Error! E1009: Expecting ')' but found '('
fat.c(32): Error! E1094: Function cannot return a function
fat.c(32): Error! E1009: Expecting ';' but found ')'
fat.c(32): Error! E1061: Expecting data or function declaration, but found ')'
fat.c(32): Warning! W132: No storage class or type specified
fat.c(32): Warning! W305: Type 'int' assumed in declaration of 'BootSector'
fat.c(48): Error! E1009: Expecting ')' but found '('
fat.c(48): Error! E1094: Function cannot return a function
fat.c(48): Error! E1034: Symbol '__attribute__' already defined
fat.c(48): Note! I2002: '__attribute__' defined in: fat.c(32)
fat.c(48): Error! E1009: Expecting ';' but found ')'
fat.c(48): Error! E1061: Expecting data or function declaration, but found ')'
fat.c(48): Warning! W132: No storage class or type specified
fat.c(48): Warning! W305: Type 'int' assumed in declaration of 'DirectoryEntry'
fat.c(50): Error! E1022: Missing or misspelled data type near 'BootSector'
fat.c(50): Warning! W132: No storage class or type specified
fat.c(50): Warning! W305: Type 'int' assumed in declaration of 'g_BootSector'
fat.c(51): Error! E1011: Symbol 'NULL' has not been declared
fat.c(51): Warning! W102: Type mismatch (warning)
fat.c(51): Note! I2003: source conversion type is 'int'
fat.c(51): Note! I2004: target conversion type is 'unsigned char *'
fat.c(51): Error! E1054: Expression must be constant
fat.c(52): Error! E1022: Missing or misspelled data type near 'DirectoryEntry'
fat.c(52): Warning! W132: No storage class or type specified
fat.c(52): Warning! W305: Type 'int' assumed in declaration of 'g_RootDirectory'
fat.c(52): Warning! W102: Type mismatch (warning)
fat.c(52): Note! I2003: source conversion type is 'int'
fat.c(52): Note! I2004: target conversion type is 'int *'
fat.c(52): Error! E1054: Expression must be constant
fat.c(55): Error! E1009: Expecting ',' but found '*'
fat.c(57): Warning! W131: No prototype found for function 'fread'
fat.c(57): Error! E1011: Symbol 'disk' has not been declared
fat.c(55): Warning! W303: Parameter 'FILE' has been defined, but not referenced
fat.c(60): Error! E1009: Expecting ',' but found '*'
fat.c(63): Warning! W131: No prototype found for function 'fseek'
fat.c(63): Error! E1011: Symbol 'disk' has not been declared
fat.c(63): Error! E1011: Symbol 'lba' has not been declared
fat.c(63): Error! E1032: Expression for '.' must be a 'structure' or 'union'
fat.c(63): Error! E1147: Too many errors: compilation aborted
